<?xml version="1.0" encoding="UTF-8"?>
<!-- Generated by org.testng.reporters.JUnitReportReporter -->
<testsuite hostname="IN-PG02NMEL" failures="0" tests="1" name="TestRunner.Runner" time="43.046" errors="0" timestamp="20 Mar 2022 14:29:44 GMT" skipped="0">
  <testcase classname="TestRunner.Runner" name="feature" time="43.046"/>
</testsuite> <!-- TestRunner.Runner -->
