<?xml version="1.0" encoding="UTF-8"?>
<!-- Generated by org.testng.reporters.JUnitReportReporter -->
<testsuite hostname="IN-PG02NMEL" failures="0" tests="1" name="TestRunner.Runner" time="29.626" errors="0" timestamp="16 Mar 2022 12:05:37 GMT" skipped="0">
  <testcase classname="TestRunner.Runner" name="feature" time="29.626"/>
</testsuite> <!-- TestRunner.Runner -->
